<?xml version="1.0" encoding="UTF-8"?>
<!-- Generated by org.testng.reporters.JUnitXMLReporter -->
<testsuite hostname="admin" name="Default test" tests="4" failures="0" timestamp="29 Apr 2019 05:09:42 GMT" time="44.177" errors="0">
  <testcase name="VerifyInvalidLogin" time="15.778" classname="Tests.ReadExcelDataProvider"/>
  <testcase name="VerifyInvalidLogin" time="10.369" classname="Tests.ReadExcelDataProvider"/>
  <testcase name="VerifyInvalidLogin" time="4.737" classname="Tests.ReadExcelDataProvider"/>
  <testcase name="tearDown" time="0.707" classname="Tests.ReadExcelDataProvider"/>
</testsuite> <!-- Default test -->
