<?xml version="1.0" encoding="UTF-8"?>
<testng-results skipped="0" failed="0" total="4" passed="4">
  <reporter-output>
  </reporter-output>
  <suite name="Default suite" duration-ms="44177" started-at="2019-04-29T05:08:58Z" finished-at="2019-04-29T05:09:42Z">
    <groups>
    </groups>
    <test name="Default test" duration-ms="44177" started-at="2019-04-29T05:08:58Z" finished-at="2019-04-29T05:09:42Z">
      <class name="Tests.ReadExcelDataProvider">
        <test-method status="PASS" signature="testSetup()[pri:0, instance:Tests.ReadExcelDataProvider@445b84c0]" name="testSetup" is-config="true" duration-ms="12187" started-at="2019-04-29T10:38:58Z" finished-at="2019-04-29T10:39:10Z">
          <reporter-output>
          </reporter-output>
        </test-method> <!-- testSetup -->
        <test-method status="PASS" signature="VerifyInvalidLogin(java.lang.String, java.lang.String)[pri:0, instance:Tests.ReadExcelDataProvider@445b84c0]" name="VerifyInvalidLogin" duration-ms="15778" started-at="2019-04-29T10:39:10Z" data-provider="empLogin" finished-at="2019-04-29T10:39:26Z">
          <params>
            <param index="0">
              <value>
                <![CDATA[mercury]]>
              </value>
            </param>
            <param index="1">
              <value>
                <![CDATA[mercury]]>
              </value>
            </param>
          </params>
          <reporter-output>
          </reporter-output>
        </test-method> <!-- VerifyInvalidLogin -->
        <test-method status="PASS" signature="VerifyInvalidLogin(java.lang.String, java.lang.String)[pri:0, instance:Tests.ReadExcelDataProvider@445b84c0]" name="VerifyInvalidLogin" duration-ms="10369" started-at="2019-04-29T10:39:26Z" data-provider="empLogin" finished-at="2019-04-29T10:39:36Z">
          <params>
            <param index="0">
              <value>
                <![CDATA[mercuryq]]>
              </value>
            </param>
            <param index="1">
              <value>
                <![CDATA[mercury]]>
              </value>
            </param>
          </params>
          <reporter-output>
          </reporter-output>
        </test-method> <!-- VerifyInvalidLogin -->
        <test-method status="PASS" signature="VerifyInvalidLogin(java.lang.String, java.lang.String)[pri:0, instance:Tests.ReadExcelDataProvider@445b84c0]" name="VerifyInvalidLogin" duration-ms="4737" started-at="2019-04-29T10:39:36Z" data-provider="empLogin" finished-at="2019-04-29T10:39:41Z">
          <params>
            <param index="0">
              <value>
                <![CDATA[mercury]]>
              </value>
            </param>
            <param index="1">
              <value>
                <![CDATA[mercurr]]>
              </value>
            </param>
          </params>
          <reporter-output>
          </reporter-output>
        </test-method> <!-- VerifyInvalidLogin -->
        <test-method status="PASS" signature="tearDown()[pri:0, instance:Tests.ReadExcelDataProvider@445b84c0]" name="tearDown" duration-ms="707" started-at="2019-04-29T10:39:41Z" finished-at="2019-04-29T10:39:42Z">
          <reporter-output>
          </reporter-output>
        </test-method> <!-- tearDown -->
      </class> <!-- Tests.ReadExcelDataProvider -->
    </test> <!-- Default test -->
  </suite> <!-- Default suite -->
</testng-results>
